#
# There is insufficient memory for the Java Runtime Environment to continue.
# Native memory allocation (mmap) failed to map 27262976 bytes for Failed to commit area from 0x0000000088800000 to 0x000000008a200000 of length 27262976.
# Possible reasons:
#   The system is out of physical RAM or swap space
#   The process is running with CompressedOops enabled, and the Java Heap may be blocking the growth of the native heap
# Possible solutions:
#   Reduce memory load on the system
#   Increase physical memory or swap space
#   Check if swap backing store is full
#   Decrease Java heap size (-Xmx/-Xms)
#   Decrease number of Java threads
#   Decrease Java thread stack sizes (-Xss)
#   Set larger code cache with -XX:ReservedCodeCacheSize=
#   JVM is running with Unscaled Compressed Oops mode in which the Java heap is
#     placed in the first 4GB address space. The Java Heap base address is the
#     maximum limit for the native heap growth. Please use -XX:HeapBaseMinAddress
#     to set the Java Heap base and to place the Java Heap above 4GB virtual address.
# This output file may be truncated or incomplete.
#
#  Out of Memory Error (./src/hotspot/os/windows/os_windows.cpp:3521), pid=9992, tid=8788
#
# JRE version: OpenJDK Runtime Environment (11.0.12+7) (build 11.0.12+7-b1504.28-7817840)
# Java VM: OpenJDK 64-Bit Server VM (11.0.12+7-b1504.28-7817840, mixed mode, tiered, compressed oops, g1 gc, windows-amd64)
# No core dump will be written. Minidumps are not enabled by default on client versions of Windows
#

---------------  S U M M A R Y ------------

Command Line: org.jetbrains.kotlin.cli.jvm.K2JVMCompiler @D:\Kursus\SYNRGY BATCH 5\SynrgyAcademy-MobileProgramming\ChallengeChapter4\app\build\20221028_4199798620897987823.compiler.options

Host: Intel(R) Pentium(R) CPU G4560 @ 3.50GHz, 4 cores, 7G,  Windows 10 , 64 bit Build 19041 (10.0.19041.1889)
Time: Fri Oct 28 21:09:29 2022 SE Asia Standard Time elapsed time: 3.628950 seconds (0d 0h 0m 3s)

---------------  T H R E A D  ---------------

Current thread (0x000001357e2e3800):  VMThread "VM Thread" [stack: 0x0000000b4c300000,0x0000000b4c400000] [id=8788]

Stack: [0x0000000b4c300000,0x0000000b4c400000]
[error occurred during error reporting (printing stack bounds), id 0xc0000005, EXCEPTION_ACCESS_VIOLATION (0xc0000005) at pc=0x0000013567ae113d]

Native frames: (J=compiled Java code, j=interpreted, Vv=VM code, C=native code)
V  [jvm.dll+0x5fbcea]
V  [jvm.dll+0x731905]
V  [jvm.dll+0x732f1d]
V  [jvm.dll+0x733535]
V  [jvm.dll+0x7334eb]
V  [jvm.dll+0x5fb080]
V  [jvm.dll+0x5fb818]
C  [ntdll.dll+0xa241f]
C  [ntdll.dll+0x514a4]
C  [ntdll.dll+0xa0f4e]
C  0x0000013567ae113d

VM_Operation (0x0000000b4bdf7680): G1CollectForAllocation, mode: safepoint, requested by thread 0x00000135627e9000


---------------  P R O C E S S  ---------------

Threads class SMR info:
_java_thread_list=0x00000135005ec2b0, length=11, elements={
0x00000135627e9000, 0x000001357e2e7000, 0x000001357e313000, 0x000001357e322800,
0x000001357e325000, 0x000001357e328800, 0x000001357e333800, 0x000001357e33d800,
0x000001357e340000, 0x000001357ee18800, 0x000001357ee38800
}

Java Threads: ( => current thread )
  0x00000135627e9000 JavaThread "main" [_thread_blocked, id=6260, stack(0x0000000b4bd00000,0x0000000b4be00000)]
  0x000001357e2e7000 JavaThread "Reference Handler" daemon [_thread_blocked, id=6724, stack(0x0000000b4c400000,0x0000000b4c500000)]
  0x000001357e313000 JavaThread "Finalizer" daemon [_thread_blocked, id=9656, stack(0x0000000b4c500000,0x0000000b4c600000)]
  0x000001357e322800 JavaThread "Signal Dispatcher" daemon [_thread_blocked, id=10884, stack(0x0000000b4c600000,0x0000000b4c700000)]
  0x000001357e325000 JavaThread "Attach Listener" daemon [_thread_blocked, id=4048, stack(0x0000000b4c700000,0x0000000b4c800000)]
  0x000001357e328800 JavaThread "Service Thread" daemon [_thread_blocked, id=6764, stack(0x0000000b4c800000,0x0000000b4c900000)]
  0x000001357e333800 JavaThread "C2 CompilerThread0" daemon [_thread_blocked, id=6852, stack(0x0000000b4c900000,0x0000000b4ca00000)]
  0x000001357e33d800 JavaThread "C1 CompilerThread0" daemon [_thread_blocked, id=8552, stack(0x0000000b4ca00000,0x0000000b4cb00000)]
  0x000001357e340000 JavaThread "Sweeper thread" daemon [_thread_blocked, id=2680, stack(0x0000000b4cb00000,0x0000000b4cc00000)]
  0x000001357ee18800 JavaThread "Common-Cleaner" daemon [_thread_blocked, id=1060, stack(0x0000000b4cd00000,0x0000000b4ce00000)]
  0x000001357ee38800 JavaThread "C2 CompilerThread1" daemon [_thread_blocked, id=8372, stack(0x0000000b4ce00000,0x0000000b4cf00000)]

Other Threads:
=>0x000001357e2e3800 VMThread "VM Thread" [stack: 0x0000000b4c300000,0x0000000b4c400000] [id=8788]
  0x000001357ee0e800 WatcherThread [stack: 0x0000000b4cc00000,0x0000000b4cd00000] [id=10976]
  0x0000013562803000 GCTaskThread "GC Thread#0" [stack: 0x0000000b4be00000,0x0000000b4bf00000] [id=4188]
  0x000001357f24b800 GCTaskThread "GC Thread#1" [stack: 0x0000000b4cf00000,0x0000000b4d000000] [id=7496]
  0x000001357f238000 GCTaskThread "GC Thread#2" [stack: 0x0000000b4d000000,0x0000000b4d100000] [id=10188]
  0x0000013562833800 ConcurrentGCThread "G1 Main Marker" [stack: 0x0000000b4bf00000,0x0000000b4c000000] [id=3188]
  0x0000013562836000 ConcurrentGCThread "G1 Conc#0" [stack: 0x0000000b4c000000,0x0000000b4c100000] [id=9696]
  0x00000135628cd800 ConcurrentGCThread "G1 Refine#0" [stack: 0x0000000b4c100000,0x0000000b4c200000] [id=4524]
  0x00000135628ce800 ConcurrentGCThread "G1 Young RemSet Sampling" [stack: 0x0000000b4c200000,0x0000000b4c300000] [id=1160]

Threads with active compile tasks:
C2 CompilerThread0   3637 3380       4       org.jetbrains.kotlin.com.intellij.openapi.util.text.StringUtilRt::lastIndexOf (58 bytes)
C1 CompilerThread0   3638 3388       3       org.jetbrains.org.objectweb.asm.ClassReader::readField (667 bytes)
C2 CompilerThread1   3638 3393       4       org.jetbrains.org.objectweb.asm.ClassReader::readUtf (44 bytes)

VM state:at safepoint (normal execution)

VM Mutex/Monitor currently owned by a thread:  ([mutex/lock_event])
[0x00000135627e7c90] Threads_lock - owner thread: 0x000001357e2e3800
[0x00000135627e8bc0] Heap_lock - owner thread: 0x00000135627e9000

Heap address: 0x0000000080800000, size: 2040 MB, Compressed Oops mode: 32-bit
Narrow klass base: 0x0000000000000000, Narrow klass shift: 3
Compressed class space size: 1073741824 Address: 0x0000000100000000

Heap:
 garbage-first heap   total 157696K, used 28466K [0x0000000080800000, 0x0000000100000000)
  region size 1024K, 8 young (8192K), 8 survivors (8192K)
 Metaspace       used 47571K, capacity 48096K, committed 48284K, reserved 1091584K
  class space    used 5653K, capacity 5848K, committed 5884K, reserved 1048576K
Heap Regions: E=young(eden), S=young(survivor), O=old, HS=humongous(starts), HC=humongous(continues), CS=collection set, F=free, A=archive, TAMS=top-at-mark-start (previous, next)
|   0|0x0000000080800000, 0x0000000080900000, 0x0000000080900000|100%|HS|  |TAMS 0x0000000080900000, 0x0000000080800000| Complete 
|   1|0x0000000080900000, 0x0000000080a00000, 0x0000000080a00000|100%|HC|  |TAMS 0x0000000080a00000, 0x0000000080900000| Complete 
|   2|0x0000000080a00000, 0x0000000080b00000, 0x0000000080b00000|100%|HC|  |TAMS 0x0000000080b00000, 0x0000000080a00000| Complete 
|   3|0x0000000080b00000, 0x0000000080c00000, 0x0000000080c00000|100%| O|  |TAMS 0x0000000080c00000, 0x0000000080b00000| Untracked 
|   4|0x0000000080c00000, 0x0000000080d00000, 0x0000000080d00000|100%| O|  |TAMS 0x0000000080d00000, 0x0000000080c00000| Untracked 
|   5|0x0000000080d00000, 0x0000000080e00000, 0x0000000080e00000|100%|HS|  |TAMS 0x0000000080e00000, 0x0000000080d00000| Complete 
|   6|0x0000000080e00000, 0x0000000080f00000, 0x0000000080f00000|100%|HC|  |TAMS 0x0000000080f00000, 0x0000000080e00000| Complete 
|   7|0x0000000080f00000, 0x0000000081000000, 0x0000000081000000|100%|HC|  |TAMS 0x0000000081000000, 0x0000000080f00000| Complete 
|   8|0x0000000081000000, 0x0000000081100000, 0x0000000081100000|100%|HS|  |TAMS 0x0000000081000000, 0x0000000081000000| Complete 
|   9|0x0000000081100000, 0x0000000081200000, 0x0000000081200000|100%|HC|  |TAMS 0x0000000081100000, 0x0000000081100000| Complete 
|  10|0x0000000081200000, 0x0000000081300000, 0x0000000081300000|100%| O|  |TAMS 0x0000000081300000, 0x0000000081200000| Untracked 
|  11|0x0000000081300000, 0x0000000081400000, 0x0000000081400000|100%| O|  |TAMS 0x0000000081400000, 0x0000000081300000| Untracked 
|  12|0x0000000081400000, 0x0000000081500000, 0x0000000081500000|100%| O|  |TAMS 0x0000000081500000, 0x0000000081400000| Untracked 
|  13|0x0000000081500000, 0x0000000081600000, 0x0000000081600000|100%| O|  |TAMS 0x0000000081600000, 0x0000000081500000| Untracked 
|  14|0x0000000081600000, 0x0000000081700000, 0x0000000081700000|100%| O|  |TAMS 0x0000000081700000, 0x0000000081600000| Untracked 
|  15|0x0000000081700000, 0x0000000081800000, 0x0000000081800000|100%| O|  |TAMS 0x0000000081800000, 0x0000000081700000| Untracked 
|  16|0x0000000081800000, 0x0000000081900000, 0x0000000081900000|100%| O|  |TAMS 0x0000000081900000, 0x0000000081800000| Untracked 
|  17|0x0000000081900000, 0x0000000081a00000, 0x0000000081a00000|100%| O|  |TAMS 0x0000000081a00000, 0x0000000081900000| Untracked 
|  18|0x0000000081a00000, 0x0000000081b00000, 0x0000000081b00000|100%| O|  |TAMS 0x0000000081b00000, 0x0000000081a00000| Untracked 
|  19|0x0000000081b00000, 0x0000000081c00000, 0x0000000081c00000|100%| O|  |TAMS 0x0000000081c00000, 0x0000000081b00000| Untracked 
|  20|0x0000000081c00000, 0x0000000081c42e00, 0x0000000081d00000| 26%| O|  |TAMS 0x0000000081c42e00, 0x0000000081c00000| Untracked 
|  21|0x0000000081d00000, 0x0000000081d00000, 0x0000000081e00000|  0%| F|  |TAMS 0x0000000081d00000, 0x0000000081d00000| Untracked 
|  22|0x0000000081e00000, 0x0000000081e00000, 0x0000000081f00000|  0%| F|  |TAMS 0x0000000081e00000, 0x0000000081e00000| Untracked 
|  23|0x0000000081f00000, 0x0000000081f00000, 0x0000000082000000|  0%| F|  |TAMS 0x0000000081f00000, 0x0000000081f00000| Untracked 
|  24|0x0000000082000000, 0x0000000082000000, 0x0000000082100000|  0%| F|  |TAMS 0x0000000082000000, 0x0000000082000000| Untracked 
|  25|0x0000000082100000, 0x0000000082100000, 0x0000000082200000|  0%| F|  |TAMS 0x0000000082100000, 0x0000000082100000| Untracked 
|  26|0x0000000082200000, 0x0000000082200000, 0x0000000082300000|  0%| F|  |TAMS 0x0000000082200000, 0x0000000082200000| Untracked 
|  27|0x0000000082300000, 0x0000000082300000, 0x0000000082400000|  0%| F|  |TAMS 0x0000000082300000, 0x0000000082300000| Untracked 
|  28|0x0000000082400000, 0x0000000082400000, 0x0000000082500000|  0%| F|  |TAMS 0x0000000082400000, 0x0000000082400000| Untracked 
|  29|0x0000000082500000, 0x0000000082500000, 0x0000000082600000|  0%| F|  |TAMS 0x0000000082500000, 0x0000000082500000| Untracked 
|  30|0x0000000082600000, 0x0000000082600000, 0x0000000082700000|  0%| F|  |TAMS 0x0000000082600000, 0x0000000082600000| Untracked 
|  31|0x0000000082700000, 0x0000000082700000, 0x0000000082800000|  0%| F|  |TAMS 0x0000000082700000, 0x0000000082700000| Untracked 
|  32|0x0000000082800000, 0x0000000082800000, 0x0000000082900000|  0%| F|  |TAMS 0x0000000082800000, 0x0000000082800000| Untracked 
|  33|0x0000000082900000, 0x0000000082900000, 0x0000000082a00000|  0%| F|  |TAMS 0x0000000082900000, 0x0000000082900000| Untracked 
|  34|0x0000000082a00000, 0x0000000082a00000, 0x0000000082b00000|  0%| F|  |TAMS 0x0000000082a00000, 0x0000000082a00000| Untracked 
|  35|0x0000000082b00000, 0x0000000082b00000, 0x0000000082c00000|  0%| F|  |TAMS 0x0000000082b00000, 0x0000000082b00000| Untracked 
|  36|0x0000000082c00000, 0x0000000082c00000, 0x0000000082d00000|  0%| F|  |TAMS 0x0000000082c00000, 0x0000000082c00000| Untracked 
|  37|0x0000000082d00000, 0x0000000082d00000, 0x0000000082e00000|  0%| F|  |TAMS 0x0000000082d00000, 0x0000000082d00000| Untracked 
|  38|0x0000000082e00000, 0x0000000082e00000, 0x0000000082f00000|  0%| F|  |TAMS 0x0000000082e00000, 0x0000000082e00000| Untracked 
|  39|0x0000000082f00000, 0x0000000082f00000, 0x0000000083000000|  0%| F|  |TAMS 0x0000000082f00000, 0x0000000082f00000| Untracked 
|  40|0x0000000083000000, 0x0000000083000000, 0x0000000083100000|  0%| F|  |TAMS 0x0000000083000000, 0x0000000083000000| Untracked 
|  41|0x0000000083100000, 0x0000000083100000, 0x0000000083200000|  0%| F|  |TAMS 0x0000000083100000, 0x0000000083100000| Untracked 
|  42|0x0000000083200000, 0x0000000083200000, 0x0000000083300000|  0%| F|  |TAMS 0x0000000083200000, 0x0000000083200000| Untracked 
|  43|0x0000000083300000, 0x0000000083300000, 0x0000000083400000|  0%| F|  |TAMS 0x0000000083300000, 0x0000000083300000| Untracked 
|  44|0x0000000083400000, 0x0000000083400000, 0x0000000083500000|  0%| F|  |TAMS 0x0000000083400000, 0x0000000083400000| Untracked 
|  45|0x0000000083500000, 0x0000000083500000, 0x0000000083600000|  0%| F|  |TAMS 0x0000000083500000, 0x0000000083500000| Untracked 
|  46|0x0000000083600000, 0x0000000083600000, 0x0000000083700000|  0%| F|  |TAMS 0x0000000083600000, 0x0000000083600000| Untracked 
|  47|0x0000000083700000, 0x0000000083700000, 0x0000000083800000|  0%| F|  |TAMS 0x0000000083700000, 0x0000000083700000| Untracked 
|  48|0x0000000083800000, 0x0000000083800000, 0x0000000083900000|  0%| F|  |TAMS 0x0000000083800000, 0x0000000083800000| Untracked 
|  49|0x0000000083900000, 0x0000000083900000, 0x0000000083a00000|  0%| F|  |TAMS 0x0000000083900000, 0x0000000083900000| Untracked 
|  50|0x0000000083a00000, 0x0000000083a00000, 0x0000000083b00000|  0%| F|  |TAMS 0x0000000083a00000, 0x0000000083a00000| Untracked 
|  51|0x0000000083b00000, 0x0000000083b00000, 0x0000000083c00000|  0%| F|  |TAMS 0x0000000083b00000, 0x0000000083b00000| Untracked 
|  52|0x0000000083c00000, 0x0000000083c00000, 0x0000000083d00000|  0%| F|  |TAMS 0x0000000083c00000, 0x0000000083c00000| Untracked 
|  53|0x0000000083d00000, 0x0000000083d00000, 0x0000000083e00000|  0%| F|  |TAMS 0x0000000083d00000, 0x0000000083d00000| Untracked 
|  54|0x0000000083e00000, 0x0000000083e00000, 0x0000000083f00000|  0%| F|  |TAMS 0x0000000083e00000, 0x0000000083e00000| Untracked 
|  55|0x0000000083f00000, 0x0000000083f00000, 0x0000000084000000|  0%| F|  |TAMS 0x0000000083f00000, 0x0000000083f00000| Untracked 
|  56|0x0000000084000000, 0x0000000084000000, 0x0000000084100000|  0%| F|  |TAMS 0x0000000084000000, 0x0000000084000000| Untracked 
|  57|0x0000000084100000, 0x0000000084100000, 0x0000000084200000|  0%| F|  |TAMS 0x0000000084100000, 0x0000000084100000| Untracked 
|  58|0x0000000084200000, 0x0000000084200000, 0x0000000084300000|  0%| F|  |TAMS 0x0000000084200000, 0x0000000084200000| Untracked 
|  59|0x0000000084300000, 0x0000000084300000, 0x0000000084400000|  0%| F|  |TAMS 0x0000000084300000, 0x0000000084300000| Untracked 
|  60|0x0000000084400000, 0x0000000084400000, 0x0000000084500000|  0%| F|  |TAMS 0x0000000084400000, 0x0000000084400000| Untracked 
|  61|0x0000000084500000, 0x0000000084589c10, 0x0000000084600000| 53%| S|CS|TAMS 0x0000000084500000, 0x0000000084500000| Complete 
|  62|0x0000000084600000, 0x0000000084700000, 0x0000000084700000|100%| S|CS|TAMS 0x0000000084600000, 0x0000000084600000| Complete 
|  63|0x0000000084700000, 0x0000000084800000, 0x0000000084800000|100%| S|CS|TAMS 0x0000000084700000, 0x0000000084700000| Complete 
|  64|0x0000000084800000, 0x0000000084900000, 0x0000000084900000|100%| S|CS|TAMS 0x0000000084800000, 0x0000000084800000| Complete 
|  65|0x0000000084900000, 0x0000000084a00000, 0x0000000084a00000|100%| S|CS|TAMS 0x0000000084900000, 0x0000000084900000| Complete 
|  66|0x0000000084a00000, 0x0000000084b00000, 0x0000000084b00000|100%| S|CS|TAMS 0x0000000084a00000, 0x0000000084a00000| Complete 
|  67|0x0000000084b00000, 0x0000000084c00000, 0x0000000084c00000|100%| S|CS|TAMS 0x0000000084b00000, 0x0000000084b00000| Complete 
|  68|0x0000000084c00000, 0x0000000084d00000, 0x0000000084d00000|100%| S|CS|TAMS 0x0000000084c00000, 0x0000000084c00000| Complete 
|  69|0x0000000084d00000, 0x0000000084d00000, 0x0000000084e00000|  0%| F|  |TAMS 0x0000000084d00000, 0x0000000084d00000| Untracked 
|  70|0x0000000084e00000, 0x0000000084e00000, 0x0000000084f00000|  0%| F|  |TAMS 0x0000000084e00000, 0x0000000084e00000| Untracked 
|  71|0x0000000084f00000, 0x0000000084f00000, 0x0000000085000000|  0%| F|  |TAMS 0x0000000084f00000, 0x0000000084f00000| Untracked 
|  72|0x0000000085000000, 0x0000000085000000, 0x0000000085100000|  0%| F|  |TAMS 0x0000000085000000, 0x0000000085000000| Untracked 
|  73|0x0000000085100000, 0x0000000085100000, 0x0000000085200000|  0%| F|  |TAMS 0x0000000085100000, 0x0000000085100000| Untracked 
|  74|0x0000000085200000, 0x0000000085200000, 0x0000000085300000|  0%| F|  |TAMS 0x0000000085200000, 0x0000000085200000| Untracked 
|  75|0x0000000085300000, 0x0000000085300000, 0x0000000085400000|  0%| F|  |TAMS 0x0000000085300000, 0x0000000085300000| Untracked 
|  76|0x0000000085400000, 0x0000000085400000, 0x0000000085500000|  0%| F|  |TAMS 0x0000000085400000, 0x0000000085400000| Untracked 
|  77|0x0000000085500000, 0x0000000085500000, 0x0000000085600000|  0%| F|  |TAMS 0x0000000085500000, 0x0000000085500000| Untracked 
|  78|0x0000000085600000, 0x0000000085600000, 0x0000000085700000|  0%| F|  |TAMS 0x0000000085600000, 0x0000000085600000| Untracked 
|  79|0x0000000085700000, 0x0000000085700000, 0x0000000085800000|  0%| F|  |TAMS 0x0000000085700000, 0x0000000085700000| Untracked 
|  80|0x0000000085800000, 0x0000000085800000, 0x0000000085900000|  0%| F|  |TAMS 0x0000000085800000, 0x0000000085800000| Untracked 
|  81|0x0000000085900000, 0x0000000085900000, 0x0000000085a00000|  0%| F|  |TAMS 0x0000000085900000, 0x0000000085900000| Untracked 
|  82|0x0000000085a00000, 0x0000000085a00000, 0x0000000085b00000|  0%| F|  |TAMS 0x0000000085a00000, 0x0000000085a00000| Untracked 
|  83|0x0000000085b00000, 0x0000000085b00000, 0x0000000085c00000|  0%| F|  |TAMS 0x0000000085b00000, 0x0000000085b00000| Untracked 
|  84|0x0000000085c00000, 0x0000000085c00000, 0x0000000085d00000|  0%| F|  |TAMS 0x0000000085c00000, 0x0000000085c00000| Untracked 
|  85|0x0000000085d00000, 0x0000000085d00000, 0x0000000085e00000|  0%| F|  |TAMS 0x0000000085d00000, 0x0000000085d00000| Untracked 
|  86|0x0000000085e00000, 0x0000000085e00000, 0x0000000085f00000|  0%| F|  |TAMS 0x0000000085e00000, 0x0000000085e00000| Untracked 
|  87|0x0000000085f00000, 0x0000000085f00000, 0x0000000086000000|  0%| F|  |TAMS 0x0000000085f00000, 0x0000000085f00000| Untracked 
|  88|0x0000000086000000, 0x0000000086000000, 0x0000000086100000|  0%| F|  |TAMS 0x0000000086000000, 0x0000000086000000| Untracked 
|  89|0x0000000086100000, 0x0000000086100000, 0x0000000086200000|  0%| F|  |TAMS 0x0000000086100000, 0x0000000086100000| Untracked 
|  90|0x0000000086200000, 0x0000000086200000, 0x0000000086300000|  0%| F|  |TAMS 0x0000000086200000, 0x0000000086200000| Untracked 
|  91|0x0000000086300000, 0x0000000086300000, 0x0000000086400000|  0%| F|  |TAMS 0x0000000086300000, 0x0000000086300000| Untracked 
|  92|0x0000000086400000, 0x0000000086400000, 0x0000000086500000|  0%| F|  |TAMS 0x0000000086400000, 0x0000000086400000| Untracked 
|  93|0x0000000086500000, 0x0000000086500000, 0x0000000086600000|  0%| F|  |TAMS 0x0000000086500000, 0x0000000086500000| Untracked 
|  94|0x0000000086600000, 0x0000000086600000, 0x0000000086700000|  0%| F|  |TAMS 0x0000000086600000, 0x0000000086600000| Untracked 
|  95|0x0000000086700000, 0x0000000086700000, 0x0000000086800000|  0%| F|  |TAMS 0x0000000086700000, 0x0000000086700000| Untracked 
|  96|0x0000000086800000, 0x0000000086800000, 0x0000000086900000|  0%| F|  |TAMS 0x0000000086800000, 0x0000000086800000| Untracked 
|  97|0x0000000086900000, 0x0000000086900000, 0x0000000086a00000|  0%| F|  |TAMS 0x0000000086900000, 0x0000000086900000| Untracked 
|  98|0x0000000086a00000, 0x0000000086a00000, 0x0000000086b00000|  0%| F|  |TAMS 0x0000000086a00000, 0x0000000086a00000| Untracked 
|  99|0x0000000086b00000, 0x0000000086b00000, 0x0000000086c00000|  0%| F|  |TAMS 0x0000000086b00000, 0x0000000086b00000| Untracked 
| 100|0x0000000086c00000, 0x0000000086c00000, 0x0000000086d00000|  0%| F|  |TAMS 0x0000000086c00000, 0x0000000086c00000| Untracked 
| 101|0x0000000086d00000, 0x0000000086d00000, 0x0000000086e00000|  0%| F|  |TAMS 0x0000000086d00000, 0x0000000086d00000| Untracked 
| 102|0x0000000086e00000, 0x0000000086e00000, 0x0000000086f00000|  0%| F|  |TAMS 0x0000000086e00000, 0x0000000086e00000| Untracked 
| 103|0x0000000086f00000, 0x0000000086f00000, 0x0000000087000000|  0%| F|  |TAMS 0x0000000086f00000, 0x0000000086f00000| Untracked 
| 104|0x0000000087000000, 0x0000000087000000, 0x0000000087100000|  0%| F|  |TAMS 0x0000000087000000, 0x0000000087000000| Untracked 
| 105|0x0000000087100000, 0x0000000087100000, 0x0000000087200000|  0%| F|  |TAMS 0x0000000087100000, 0x0000000087100000| Untracked 
| 106|0x0000000087200000, 0x0000000087200000, 0x0000000087300000|  0%| F|  |TAMS 0x0000000087200000, 0x0000000087200000| Untracked 
| 107|0x0000000087300000, 0x0000000087300000, 0x0000000087400000|  0%| F|  |TAMS 0x0000000087300000, 0x0000000087300000| Untracked 
| 108|0x0000000087400000, 0x0000000087400000, 0x0000000087500000|  0%| F|  |TAMS 0x0000000087400000, 0x0000000087400000| Untracked 
| 109|0x0000000087500000, 0x0000000087500000, 0x0000000087600000|  0%| F|  |TAMS 0x0000000087500000, 0x0000000087500000| Untracked 
| 110|0x0000000087600000, 0x0000000087600000, 0x0000000087700000|  0%| F|  |TAMS 0x0000000087600000, 0x0000000087600000| Untracked 
| 111|0x0000000087700000, 0x0000000087700000, 0x0000000087800000|  0%| F|  |TAMS 0x0000000087700000, 0x0000000087700000| Untracked 
| 112|0x0000000087800000, 0x0000000087800000, 0x0000000087900000|  0%| F|  |TAMS 0x0000000087800000, 0x0000000087800000| Untracked 
| 113|0x0000000087900000, 0x0000000087900000, 0x0000000087a00000|  0%| F|  |TAMS 0x0000000087900000, 0x0000000087900000| Untracked 
| 114|0x0000000087a00000, 0x0000000087a00000, 0x0000000087b00000|  0%| F|  |TAMS 0x0000000087a00000, 0x0000000087a00000| Untracked 
| 115|0x0000000087b00000, 0x0000000087b00000, 0x0000000087c00000|  0%| F|  |TAMS 0x0000000087b00000, 0x0000000087b00000| Untracked 
| 116|0x0000000087c00000, 0x0000000087c00000, 0x0000000087d00000|  0%| F|  |TAMS 0x0000000087c00000, 0x0000000087c00000| Untracked 
| 117|0x0000000087d00000, 0x0000000087d00000, 0x0000000087e00000|  0%| F|  |TAMS 0x0000000087d00000, 0x0000000087d00000| Untracked 
| 118|0x0000000087e00000, 0x0000000087e00000, 0x0000000087f00000|  0%| F|  |TAMS 0x0000000087e00000, 0x0000000087e00000| Untracked 
| 119|0x0000000087f00000, 0x0000000087f00000, 0x0000000088000000|  0%| F|  |TAMS 0x0000000087f00000, 0x0000000087f00000| Untracked 
| 120|0x0000000088000000, 0x0000000088000000, 0x0000000088100000|  0%| F|  |TAMS 0x0000000088000000, 0x0000000088000000| Untracked 
| 121|0x0000000088100000, 0x0000000088100000, 0x0000000088200000|  0%| F|  |TAMS 0x0000000088100000, 0x0000000088100000| Untracked 
| 122|0x0000000088200000, 0x0000000088200000, 0x0000000088300000|  0%| F|  |TAMS 0x0000000088200000, 0x0000000088200000| Untracked 
| 123|0x0000000088300000, 0x0000000088300000, 0x0000000088400000|  0%| F|  |TAMS 0x0000000088300000, 0x0000000088300000| Untracked 
| 124|0x0000000088400000, 0x0000000088400000, 0x0000000088500000|  0%| F|  |TAMS 0x0000000088400000, 0x0000000088400000| Untracked 
| 125|0x0000000088500000, 0x0000000088500000, 0x0000000088600000|  0%| F|  |TAMS 0x0000000088500000, 0x0000000088500000| Untracked 
| 126|0x0000000088600000, 0x0000000088600000, 0x0000000088700000|  0%| F|  |TAMS 0x0000000088600000, 0x0000000088600000| Untracked 
| 127|0x0000000088700000, 0x0000000088700000, 0x0000000088800000|  0%| F|  |TAMS 0x0000000088700000, 0x0000000088700000| Untracked 

Card table byte_map: [0x0000013577500000,0x0000013577900000] _byte_map_base: 0x00000135770fc000

Marking Bits (Prev, Next): (CMBitMap*) 0x000001356282acc8, (CMBitMap*) 0x000001356282ad00
 Prev Bits: [0x0000013577d00000, 0x0000013579ce0000)
 Next Bits: [0x0000013579ce0000, 0x000001357bcc0000)

Polling page: 0x00000135628d0000

Metaspace:

Usage:
  Non-class:     41.26 MB capacity,    40.94 MB (>99%) used,   260.66 KB ( <1%) free+waste,    69.75 KB ( <1%) overhead. 
      Class:      5.71 MB capacity,     5.52 MB ( 97%) used,   163.30 KB (  3%) free+waste,    30.81 KB ( <1%) overhead. 
       Both:     46.97 MB capacity,    46.46 MB ( 99%) used,   423.95 KB ( <1%) free+waste,   100.56 KB ( <1%) overhead. 

Virtual space:
  Non-class space:       42.00 MB reserved,      41.41 MB ( 99%) committed 
      Class space:        1.00 GB reserved,       5.75 MB ( <1%) committed 
             Both:        1.04 GB reserved,      47.15 MB (  4%) committed 

Chunk freelists:
   Non-Class:  24.00 KB
       Class:  8.00 KB
        Both:  32.00 KB

MaxMetaspaceSize: 17179869184.00 GB
CompressedClassSpaceSize: 1.00 GB
Initial GC threshold: 20.80 MB
Current GC threshold: 59.21 MB
CDS: off

CodeHeap 'non-profiled nmethods': size=120064Kb used=1398Kb max_used=1398Kb free=118665Kb
 bounds [0x000001356f5a0000, 0x000001356f810000, 0x0000013576ae0000]
CodeHeap 'profiled nmethods': size=120000Kb used=7222Kb max_used=7222Kb free=112777Kb
 bounds [0x0000013568070000, 0x0000013568780000, 0x000001356f5a0000]
CodeHeap 'non-nmethods': size=5696Kb used=1263Kb max_used=1312Kb free=4432Kb
 bounds [0x0000013567ae0000, 0x0000013567d50000, 0x0000013568070000]
 total_blobs=3917 nmethods=3370 adapters=460
 compilation: enabled
              stopped_count=0, restarted_count=0
 full_count=0

Compilation events (20 events):
Event: 3.611 Thread 0x000001357e33d800 nmethod 3371 0x0000013568778690 code [0x0000013568778ba0, 0x000001356877b3f8]
Event: 3.611 Thread 0x000001357e33d800 3374       3       java.util.regex.Pattern::split (7 bytes)
Event: 3.611 Thread 0x000001357e33d800 nmethod 3374 0x000001356877c110 code [0x000001356877c2c0, 0x000001356877c3e8]
Event: 3.611 Thread 0x000001357e33d800 3378       1       org.jetbrains.kotlin.com.intellij.ide.highlighter.JavaClassFileType::getDefaultExtension (3 bytes)
Event: 3.611 Thread 0x000001357e33d800 nmethod 3378 0x000001356f6fb690 code [0x000001356f6fb840, 0x000001356f6fb8f8]
Event: 3.611 Thread 0x000001357e33d800 3377       1       org.jetbrains.kotlin.com.intellij.util.containers.IntArrayList::size (5 bytes)
Event: 3.611 Thread 0x000001357e33d800 nmethod 3377 0x000001356f6fb990 code [0x000001356f6fbb40, 0x000001356f6fbbf8]
Event: 3.611 Thread 0x000001357e33d800 3379       1       org.jetbrains.kotlin.cli.jvm.index.JvmDependenciesIndexImpl$TraverseRequest::getAcceptedRootTypes (5 bytes)
Event: 3.611 Thread 0x000001357e33d800 nmethod 3379 0x000001356f6fbc90 code [0x000001356f6fbe40, 0x000001356f6fbef8]
Event: 3.611 Thread 0x000001357e33d800 3383       1       org.jetbrains.kotlin.load.java.structure.impl.classFiles.BinaryJavaClass::getFields (5 bytes)
Event: 3.611 Thread 0x000001357e33d800 nmethod 3383 0x000001356f6fbf90 code [0x000001356f6fc140, 0x000001356f6fc1f8]
Event: 3.611 Thread 0x000001357e33d800 3384       3       kotlin.text.StringsKt__StringsKt::indexOf$default (26 bytes)
Event: 3.611 Thread 0x000001357e33d800 nmethod 3384 0x000001356877c490 code [0x000001356877c640, 0x000001356877c7c8]
Event: 3.611 Thread 0x000001357e33d800 3385       3       kotlin.text.StringsKt__StringsKt::indexOf (48 bytes)
Event: 3.612 Thread 0x000001357e333800 nmethod 3368 0x000001356f6fc290 code [0x000001356f6fc460, 0x000001356f6fcb98]
Event: 3.612 Thread 0x000001357e33d800 nmethod 3385 0x000001356877c890 code [0x000001356877cb20, 0x000001356877d648]
Event: 3.612 Thread 0x000001357e333800 3380       4       org.jetbrains.kotlin.com.intellij.openapi.util.text.StringUtilRt::lastIndexOf (58 bytes)
Event: 3.612 Thread 0x000001357e33d800 3388       3       org.jetbrains.org.objectweb.asm.ClassReader::readField (667 bytes)
Event: 3.614 Thread 0x000001357ee38800 nmethod 3376 0x000001356f6fd010 code [0x000001356f6fd1c0, 0x000001356f6fd6a8]
Event: 3.614 Thread 0x000001357ee38800 3393       4       org.jetbrains.org.objectweb.asm.ClassReader::readUtf (44 bytes)

GC Heap History (9 events):
Event: 0.420 GC heap before
{Heap before GC invocations=0 (full 0):
 garbage-first heap   total 131072K, used 17408K [0x0000000080800000, 0x0000000100000000)
  region size 1024K, 14 young (14336K), 0 survivors (0K)
 Metaspace       used 9873K, capacity 10002K, committed 10112K, reserved 1058816K
  class space    used 839K, capacity 885K, committed 896K, reserved 1048576K
}
Event: 0.423 GC heap after
{Heap after GC invocations=1 (full 0):
 garbage-first heap   total 131072K, used 5237K [0x0000000080800000, 0x0000000100000000)
  region size 1024K, 2 young (2048K), 2 survivors (2048K)
 Metaspace       used 9873K, capacity 10002K, committed 10112K, reserved 1058816K
  class space    used 839K, capacity 885K, committed 896K, reserved 1048576K
}
Event: 1.241 GC heap before
{Heap before GC invocations=1 (full 0):
 garbage-first heap   total 131072K, used 52341K [0x0000000080800000, 0x0000000100000000)
  region size 1024K, 49 young (50176K), 2 survivors (2048K)
 Metaspace       used 21041K, capacity 21202K, committed 21296K, reserved 1069056K
  class space    used 2228K, capacity 2306K, committed 2352K, reserved 1048576K
}
Event: 1.254 GC heap after
{Heap after GC invocations=2 (full 0):
 garbage-first heap   total 131072K, used 9850K [0x0000000080800000, 0x0000000100000000)
  region size 1024K, 7 young (7168K), 7 survivors (7168K)
 Metaspace       used 21041K, capacity 21202K, committed 21296K, reserved 1069056K
  class space    used 2228K, capacity 2306K, committed 2352K, reserved 1048576K
}
Event: 2.218 GC heap before
{Heap before GC invocations=3 (full 0):
 garbage-first heap   total 131072K, used 64122K [0x0000000080800000, 0x0000000100000000)
  region size 1024K, 55 young (56320K), 7 survivors (7168K)
 Metaspace       used 32156K, capacity 32621K, committed 32764K, reserved 1077248K
  class space    used 4037K, capacity 4212K, committed 4348K, reserved 1048576K
}
Event: 2.237 GC heap after
{Heap after GC invocations=4 (full 0):
 garbage-first heap   total 131072K, used 21237K [0x0000000080800000, 0x0000000100000000)
  region size 1024K, 7 young (7168K), 7 survivors (7168K)
 Metaspace       used 32156K, capacity 32621K, committed 32764K, reserved 1077248K
  class space    used 4037K, capacity 4212K, committed 4348K, reserved 1048576K
}
Event: 2.496 GC heap before
{Heap before GC invocations=4 (full 0):
 garbage-first heap   total 131072K, used 36597K [0x0000000080800000, 0x0000000100000000)
  region size 1024K, 23 young (23552K), 7 survivors (7168K)
 Metaspace       used 35455K, capacity 35864K, committed 36048K, reserved 1081344K
  class space    used 4396K, capacity 4568K, committed 4604K, reserved 1048576K
}
Event: 2.506 GC heap after
{Heap after GC invocations=5 (full 0):
 garbage-first heap   total 131072K, used 20747K [0x0000000080800000, 0x0000000100000000)
  region size 1024K, 2 young (2048K), 2 survivors (2048K)
 Metaspace       used 35455K, capacity 35864K, committed 36048K, reserved 1081344K
  class space    used 4396K, capacity 4568K, committed 4604K, reserved 1048576K
}
Event: 3.616 GC heap before
{Heap before GC invocations=6 (full 0):
 garbage-first heap   total 131072K, used 81163K [0x0000000080800000, 0x0000000100000000)
  region size 1024K, 59 young (60416K), 2 survivors (2048K)
 Metaspace       used 47571K, capacity 48096K, committed 48284K, reserved 1091584K
  class space    used 5653K, capacity 5848K, committed 5884K, reserved 1048576K
}

Deoptimization events (20 events):
Event: 3.482 Thread 0x00000135627e9000 DEOPT PACKING pc=0x000001356f6998f4 sp=0x0000000b4bdf7d90
Event: 3.482 Thread 0x00000135627e9000 DEOPT UNPACKING pc=0x0000013567b2a1a9 sp=0x0000000b4bdf7d30 mode 2
Event: 3.483 Thread 0x00000135627e9000 Uncommon trap: trap_request=0xffffffc6 fr.pc=0x000001356f6998f4 relative=0x0000000000000294
Event: 3.483 Thread 0x00000135627e9000 Uncommon trap: reason=bimorphic_or_optimized_type_check action=maybe_recompile pc=0x000001356f6998f4 method=org.jetbrains.kotlin.protobuf.CodedInputStream.tryRefillBuffer(I)Z @ 177 c2
Event: 3.483 Thread 0x00000135627e9000 DEOPT PACKING pc=0x000001356f6998f4 sp=0x0000000b4bdf7400
Event: 3.483 Thread 0x00000135627e9000 DEOPT UNPACKING pc=0x0000013567b2a1a9 sp=0x0000000b4bdf73a0 mode 2
Event: 3.483 Thread 0x00000135627e9000 Uncommon trap: trap_request=0xffffffc6 fr.pc=0x000001356f69aabc relative=0x00000000000005bc
Event: 3.483 Thread 0x00000135627e9000 Uncommon trap: reason=bimorphic_or_optimized_type_check action=maybe_recompile pc=0x000001356f69aabc method=org.jetbrains.kotlin.protobuf.CodedInputStream.tryRefillBuffer(I)Z @ 177 c2
Event: 3.483 Thread 0x00000135627e9000 DEOPT PACKING pc=0x000001356f69aabc sp=0x0000000b4bdf8860
Event: 3.483 Thread 0x00000135627e9000 DEOPT UNPACKING pc=0x0000013567b2a1a9 sp=0x0000000b4bdf8748 mode 2
Event: 3.490 Thread 0x00000135627e9000 Uncommon trap: trap_request=0xffffff4d fr.pc=0x000001356f6eb208 relative=0x0000000000000528
Event: 3.490 Thread 0x00000135627e9000 Uncommon trap: reason=unstable_if action=reinterpret pc=0x000001356f6eb208 method=org.jetbrains.org.objectweb.asm.ClassReader.readUtf(II[C)Ljava/lang/String; @ 41 c2
Event: 3.490 Thread 0x00000135627e9000 DEOPT PACKING pc=0x000001356f6eb208 sp=0x0000000b4bdf85a0
Event: 3.490 Thread 0x00000135627e9000 DEOPT UNPACKING pc=0x0000013567b2a1a9 sp=0x0000000b4bdf8548 mode 2
Event: 3.506 Thread 0x00000135627e9000 DEOPT PACKING pc=0x000001356863e37f sp=0x0000000b4bdf8a70
Event: 3.506 Thread 0x00000135627e9000 DEOPT UNPACKING pc=0x0000013567b2a93f sp=0x0000000b4bdf7ec0 mode 0
Event: 3.516 Thread 0x00000135627e9000 Uncommon trap: trap_request=0xffffffc6 fr.pc=0x000001356f69b4b8 relative=0x0000000000000258
Event: 3.516 Thread 0x00000135627e9000 Uncommon trap: reason=bimorphic_or_optimized_type_check action=maybe_recompile pc=0x000001356f69b4b8 method=org.jetbrains.kotlin.protobuf.CodedInputStream.tryRefillBuffer(I)Z @ 177 c2
Event: 3.516 Thread 0x00000135627e9000 DEOPT PACKING pc=0x000001356f69b4b8 sp=0x0000000b4bdf8d40
Event: 3.516 Thread 0x00000135627e9000 DEOPT UNPACKING pc=0x0000013567b2a1a9 sp=0x0000000b4bdf8c78 mode 2

Classes redefined (0 events):
No events

Internal exceptions (20 events):
Event: 1.232 Thread 0x00000135627e9000 Exception <a 'java/lang/NoSuchMethodError'{0x000000008584e538}: 'java.lang.Object java.lang.invoke.DirectMethodHandle$Holder.invokeStaticInit(java.lang.Object, int)'> (0x000000008584e538) thrown at [./src/hotspot/share/interpreter/linkResolver.cpp, line 773]
Event: 1.273 Thread 0x00000135627e9000 Exception <a 'java/lang/NoSuchMethodError'{0x000000008861f688}: 'long java.lang.invoke.DirectMethodHandle$Holder.invokeStatic(java.lang.Object)'> (0x000000008861f688) thrown at [./src/hotspot/share/interpreter/linkResolver.cpp, line 773]
Event: 1.273 Thread 0x00000135627e9000 Exception <a 'java/lang/NoSuchMethodError'{0x00000000886224e0}: 'long java.lang.invoke.DirectMethodHandle$Holder.invokeStaticInit(java.lang.Object)'> (0x00000000886224e0) thrown at [./src/hotspot/share/interpreter/linkResolver.cpp, line 773]
Event: 1.329 Thread 0x00000135627e9000 Exception <a 'java/lang/NoSuchMethodError'{0x000000008821c748}: 'int java.lang.invoke.DirectMethodHandle$Holder.invokeStaticInit(java.lang.Object, java.lang.Object, java.lang.Object)'> (0x000000008821c748) thrown at [./src/hotspot/share/interpreter/linkResolver.cpp, line 773]
Event: 1.332 Thread 0x00000135627e9000 Exception <a 'java/lang/NoSuchMethodError'{0x0000000088247d38}: 'int java.lang.invoke.DirectMethodHandle$Holder.invokeStaticInit(java.lang.Object, java.lang.Object)'> (0x0000000088247d38) thrown at [./src/hotspot/share/interpreter/linkResolver.cpp, line 773]
Event: 1.383 Thread 0x00000135627e9000 Exception <a 'java/lang/NoSuchMethodError'{0x0000000088058fd8}: 'void java.lang.invoke.DirectMethodHandle$Holder.invokeSpecial(java.lang.Object, java.lang.Object)'> (0x0000000088058fd8) thrown at [./src/hotspot/share/interpreter/linkResolver.cpp, line 773]
Event: 1.572 Thread 0x00000135627e9000 Exception <a 'java/lang/NoSuchMethodError'{0x00000000878b8138}: 'java.lang.Object java.lang.invoke.DirectMethodHandle$Holder.invokeStatic(java.lang.Object, java.lang.Object, java.lang.Object, java.lang.Object, java.lang.Object, java.lang.Object, java.lang.Object, java.lang.Object, java.lang.Object, java.lang.Object, java.lang.Object, java.lang.Object, java.lang.Object, java.lang.Object, java.lang.Object)'> (0x00000000878b8138) thrown at [./src/hotspot/share/interpreter/linkResolver.cpp, line 773]
Event: 1.573 Thread 0x00000135627e9000 Exception <a 'java/lang/NoSuchMethodError'{0x00000000878c6140}: 'java.lang.Object java.lang.invoke.DirectMethodHandle$Holder.invokeStatic(java.lang.Object, java.lang.Object, java.lang.Object, java.lang.Object, java.lang.Object, java.lang.Object, java.lang.Object, java.lang.Object, java.lang.Object, java.lang.Object, java.lang.Object, java.lang.Object, java.lang.Object, java.lang.Object, java.lang.Object, java.lang.Object)'> (0x00000000878c6140) thrown at [./src/hotspot/share/interpreter/linkResolver.cpp, l
Event: 1.575 Thread 0x00000135627e9000 Exception <a 'java/lang/NoSuchMethodError'{0x00000000878d4058}: 'java.lang.Object java.lang.invoke.DirectMethodHandle$Holder.invokeSpecial(java.lang.Object, java.lang.Object, int, int, java.lang.Object, java.lang.Object, java.lang.Object)'> (0x00000000878d4058) thrown at [./src/hotspot/share/interpreter/linkResolver.cpp, line 773]
Event: 1.575 Thread 0x00000135627e9000 Exception <a 'java/lang/NoSuchMethodError'{0x00000000878d7890}: 'java.lang.Object java.lang.invoke.DelegatingMethodHandle$Holder.reinvoke_L(java.lang.Object, int, int, java.lang.Object, java.lang.Object, java.lang.Object)'> (0x00000000878d7890) thrown at [./src/hotspot/share/interpreter/linkResolver.cpp, line 773]
Event: 1.576 Thread 0x00000135627e9000 Exception <a 'java/lang/NoSuchMethodError'{0x00000000878dbc18}: 'java.lang.Object java.lang.invoke.DirectMethodHandle$Holder.invokeStatic(java.lang.Object, java.lang.Object, java.lang.Object, java.lang.Object, int)'> (0x00000000878dbc18) thrown at [./src/hotspot/share/interpreter/linkResolver.cpp, line 773]
Event: 1.611 Thread 0x00000135627e9000 Exception <a 'java/lang/NoSuchMethodError'{0x00000000876003c8}: 'void java.lang.invoke.DirectMethodHandle$Holder.invokeStatic(java.lang.Object, java.lang.Object, java.lang.Object, java.lang.Object)'> (0x00000000876003c8) thrown at [./src/hotspot/share/interpreter/linkResolver.cpp, line 773]
Event: 1.678 Thread 0x00000135627e9000 Exception <a 'java/lang/NoSuchMethodError'{0x00000000873dddc8}: 'void java.lang.invoke.DirectMethodHandle$Holder.invokeStaticInit(java.lang.Object, java.lang.Object)'> (0x00000000873dddc8) thrown at [./src/hotspot/share/interpreter/linkResolver.cpp, line 773]
Event: 1.754 Thread 0x00000135627e9000 Exception <a 'java/lang/NoSuchMethodError'{0x0000000086e09ee0}: 'void java.lang.invoke.DirectMethodHandle$Holder.invokeVirtual(java.lang.Object, java.lang.Object)'> (0x0000000086e09ee0) thrown at [./src/hotspot/share/interpreter/linkResolver.cpp, line 773]
Event: 1.764 Thread 0x00000135627e9000 Exception <a 'java/lang/NoSuchMethodError'{0x0000000086e91c50}: 'int java.lang.invoke.DirectMethodHandle$Holder.invokeVirtual(java.lang.Object, java.lang.Object)'> (0x0000000086e91c50) thrown at [./src/hotspot/share/interpreter/linkResolver.cpp, line 773]
Event: 2.456 Thread 0x00000135627e9000 Exception <a 'java/lang/NoSuchMethodError'{0x0000000087ac3630}: 'java.lang.Object java.lang.invoke.DirectMethodHandle$Holder.invokeVirtual(java.lang.Object, java.lang.Object, java.lang.Object)'> (0x0000000087ac3630) thrown at [./src/hotspot/share/interpreter/linkResolver.cpp, line 773]
Event: 3.154 Thread 0x00000135627e9000 Exception <a 'java/lang/NoSuchMethodError'{0x0000000085fa13e0}: 'java.lang.Object java.lang.invoke.Invokers$Holder.linkToTargetMethod(java.lang.Object, int, java.lang.Object)'> (0x0000000085fa13e0) thrown at [./src/hotspot/share/interpreter/linkResolver.cpp, line 773]
Event: 3.217 Thread 0x00000135627e9000 Exception <a 'java/lang/NoSuchMethodError'{0x0000000085d52af0}: 'java.lang.Object java.lang.invoke.DirectMethodHandle$Holder.invokeStatic(java.lang.Object, java.lang.Object, java.lang.Object, int)'> (0x0000000085d52af0) thrown at [./src/hotspot/share/interpreter/linkResolver.cpp, line 773]
Event: 3.217 Thread 0x00000135627e9000 Exception <a 'java/lang/NoSuchMethodError'{0x0000000085d56760}: 'java.lang.Object java.lang.invoke.DirectMethodHandle$Holder.invokeSpecial(java.lang.Object, java.lang.Object, java.lang.Object, java.lang.Object, int)'> (0x0000000085d56760) thrown at [./src/hotspot/share/interpreter/linkResolver.cpp, line 773]
Event: 3.217 Thread 0x00000135627e9000 Exception <a 'java/lang/NoSuchMethodError'{0x0000000085d59a70}: 'java.lang.Object java.lang.invoke.Invokers$Holder.linkToTargetMethod(java.lang.Object, java.lang.Object, int, java.lang.Object)'> (0x0000000085d59a70) thrown at [./src/hotspot/share/interpreter/linkResolver.cpp, line 773]

Events (20 events):
Event: 3.588 loading class org/jetbrains/kotlin/load/java/typeEnhancement/TypeComponentPosition done
Event: 3.588 loading class org/jetbrains/kotlin/load/java/typeEnhancement/TypeComponentPositionKt
Event: 3.588 loading class org/jetbrains/kotlin/load/java/typeEnhancement/TypeComponentPositionKt done
Event: 3.588 loading class org/jetbrains/kotlin/load/java/typeEnhancement/JavaTypeEnhancement$SimpleResult
Event: 3.588 loading class org/jetbrains/kotlin/load/java/typeEnhancement/JavaTypeEnhancement$SimpleResult done
Event: 3.588 loading class org/jetbrains/kotlin/load/java/typeEnhancement/JavaTypeEnhancement$Result
Event: 3.588 loading class org/jetbrains/kotlin/load/java/typeEnhancement/JavaTypeEnhancement$Result done
Event: 3.589 loading class org/jetbrains/kotlin/descriptors/NotFoundClasses$MockClassDescriptor
Event: 3.589 loading class org/jetbrains/kotlin/descriptors/NotFoundClasses$MockClassDescriptor done
Event: 3.589 loading class org/jetbrains/kotlin/metadata/deserialization/ProtoTypeTableUtilKt
Event: 3.589 loading class org/jetbrains/kotlin/metadata/deserialization/ProtoTypeTableUtilKt done
Event: 3.590 loading class org/jetbrains/kotlin/builtins/jvm/JvmBuiltInsSignatures
Event: 3.590 loading class org/jetbrains/kotlin/builtins/jvm/JvmBuiltInsSignatures done
Event: 3.590 loading class org/jetbrains/kotlin/load/kotlin/SignatureBuildingComponents
Event: 3.590 loading class org/jetbrains/kotlin/load/kotlin/SignatureBuildingComponents done
Event: 3.593 loading class org/jetbrains/kotlin/load/java/structure/impl/classFiles/PlainJavaAnnotationAsAnnotationArgument
Event: 3.593 loading class org/jetbrains/kotlin/load/java/structure/impl/classFiles/PlainJavaAnnotationAsAnnotationArgument done
Event: 3.593 loading class org/jetbrains/kotlin/load/java/structure/JavaAnnotationAsAnnotationArgument
Event: 3.593 loading class org/jetbrains/kotlin/load/java/structure/JavaAnnotationAsAnnotationArgument done
Event: 3.616 Executing VM operation: G1CollectForAllocation


Dynamic libraries:
0x00007ff6a8410000 - 0x00007ff6a841a000 	D:\Apps\Android Studio\jre\bin\java.exe
0x00007ffadad30000 - 0x00007ffadaf28000 	C:\Windows\SYSTEM32\ntdll.dll
0x00007ffad92d0000 - 0x00007ffad938d000 	C:\Windows\System32\KERNEL32.DLL
0x00007ffad8440000 - 0x00007ffad8712000 	C:\Windows\System32\KERNELBASE.dll
0x00007ffab6630000 - 0x00007ffab6647000 	D:\Apps\Android Studio\jre\bin\VCRUNTIME140.dll
0x00007ffab55f0000 - 0x00007ffab5609000 	D:\Apps\Android Studio\jre\bin\jli.dll
0x00007ffad8c90000 - 0x00007ffad8d90000 	C:\Windows\System32\ucrtbase.dll
0x00007ffac4460000 - 0x00007ffac46fa000 	C:\Windows\WinSxS\amd64_microsoft.windows.common-controls_6595b64144ccf1df_6.0.19041.1110_none_60b5254171f9507e\COMCTL32.dll
0x00007ffad8f60000 - 0x00007ffad90fd000 	C:\Windows\System32\USER32.dll
0x00007ffad8a50000 - 0x00007ffad8a72000 	C:\Windows\System32\win32u.dll
0x00007ffad93a0000 - 0x00007ffad943e000 	C:\Windows\System32\msvcrt.dll
0x00007ffadabf0000 - 0x00007ffadac1b000 	C:\Windows\System32\GDI32.dll
0x00007ffad8750000 - 0x00007ffad885f000 	C:\Windows\System32\gdi32full.dll
0x00007ffad8ba0000 - 0x00007ffad8c3d000 	C:\Windows\System32\msvcp_win.dll
0x00007ffada9f0000 - 0x00007ffadaa20000 	C:\Windows\System32\IMM32.DLL
0x00007ffaaa5e0000 - 0x00007ffaaa67d000 	D:\Apps\Android Studio\jre\bin\msvcp140.dll
0x00007ffa875c0000 - 0x00007ffa880a5000 	D:\Apps\Android Studio\jre\bin\server\jvm.dll
0x00007ffada8d0000 - 0x00007ffada97e000 	C:\Windows\System32\ADVAPI32.dll
0x00007ffad91b0000 - 0x00007ffad924c000 	C:\Windows\System32\sechost.dll
0x00007ffad9d00000 - 0x00007ffad9e25000 	C:\Windows\System32\RPCRT4.dll
0x00007ffada9e0000 - 0x00007ffada9e8000 	C:\Windows\System32\PSAPI.DLL
0x00007ffaacf30000 - 0x00007ffaacf39000 	C:\Windows\SYSTEM32\WSOCK32.dll
0x00007ffad0540000 - 0x00007ffad054a000 	C:\Windows\SYSTEM32\VERSION.dll
0x00007ffacca10000 - 0x00007ffacca37000 	C:\Windows\SYSTEM32\WINMM.dll
0x00007ffad9c90000 - 0x00007ffad9cfb000 	C:\Windows\System32\WS2_32.dll
0x00007ffad6320000 - 0x00007ffad6332000 	C:\Windows\SYSTEM32\kernel.appcore.dll
0x00007ffad3290000 - 0x00007ffad32a1000 	D:\Apps\Android Studio\jre\bin\verify.dll
0x00007ffaca960000 - 0x00007ffacab44000 	C:\Windows\SYSTEM32\DBGHELP.DLL
0x00007ffac0ad0000 - 0x00007ffac0afc000 	C:\Windows\SYSTEM32\dbgcore.DLL
0x00007ffad89c0000 - 0x00007ffad8a42000 	C:\Windows\System32\bcryptPrimitives.dll
0x00007ffacc8f0000 - 0x00007ffacc919000 	D:\Apps\Android Studio\jre\bin\java.dll
0x00007ffad4b80000 - 0x00007ffad4b8b000 	D:\Apps\Android Studio\jre\bin\jimage.dll
0x00007fface170000 - 0x00007fface188000 	D:\Apps\Android Studio\jre\bin\zip.dll
0x00007ffad9440000 - 0x00007ffad9b83000 	C:\Windows\System32\SHELL32.dll
0x00007ffad6520000 - 0x00007ffad6cb1000 	C:\Windows\SYSTEM32\windows.storage.dll
0x00007ffada020000 - 0x00007ffada374000 	C:\Windows\System32\combase.dll
0x00007ffad7ea0000 - 0x00007ffad7ed0000 	C:\Windows\SYSTEM32\Wldp.dll
0x00007ffad9100000 - 0x00007ffad91ad000 	C:\Windows\System32\SHCORE.dll
0x00007ffad9f60000 - 0x00007ffad9fb5000 	C:\Windows\System32\shlwapi.dll
0x00007ffad8380000 - 0x00007ffad839f000 	C:\Windows\SYSTEM32\profapi.dll
0x00007ffac1090000 - 0x00007ffac10aa000 	D:\Apps\Android Studio\jre\bin\net.dll
0x00007ffacf2b0000 - 0x00007ffacf3bd000 	C:\Windows\SYSTEM32\WINHTTP.dll
0x00007ffad7c00000 - 0x00007ffad7c6a000 	C:\Windows\system32\mswsock.dll
0x00007ffac0eb0000 - 0x00007ffac0ec4000 	D:\Apps\Android Studio\jre\bin\nio.dll

dbghelp: loaded successfully - version: 4.0.5 - missing functions: none
symbol engine: initialized successfully - sym options: 0x614 - pdb path: .;D:\Apps\Android Studio\jre\bin;C:\Windows\SYSTEM32;C:\Windows\WinSxS\amd64_microsoft.windows.common-controls_6595b64144ccf1df_6.0.19041.1110_none_60b5254171f9507e;D:\Apps\Android Studio\jre\bin\server

VM Arguments:
java_command: org.jetbrains.kotlin.cli.jvm.K2JVMCompiler @D:\Kursus\SYNRGY BATCH 5\SynrgyAcademy-MobileProgramming\ChallengeChapter4\app\build\20221028_4199798620897987823.compiler.options
java_class_path (initial): C:\Users\BAGUS\.gradle\caches\modules-2\files-2.1\org.jetbrains.kotlin\kotlin-compiler-embeddable\1.7.10\909803167c98606fcf22b4c848647c68e351d48d\kotlin-compiler-embeddable-1.7.10.jar;C:\Users\BAGUS\.gradle\caches\modules-2\files-2.1\org.jetbrains.kotlin\kotlin-reflect\1.7.10\165e600dfea6185cf5efa700756294cc4904dbeb\kotlin-reflect-1.7.10.jar;C:\Users\BAGUS\.gradle\caches\modules-2\files-2.1\org.jetbrains.kotlin\kotlin-stdlib\1.7.10\d2abf9e77736acc4450dc4a3f707fa2c10f5099d\kotlin-stdlib-1.7.10.jar;C:\Users\BAGUS\.gradle\caches\modules-2\files-2.1\org.jetbrains.kotlin\kotlin-script-runtime\1.7.10\c99c87a6988d8fd8d5142e9ed5c9f34a7cf561ee\kotlin-script-runtime-1.7.10.jar;C:\Users\BAGUS\.gradle\caches\modules-2\files-2.1\org.jetbrains.kotlin\kotlin-daemon-embeddable\1.7.10\3a9f7aef7080d3ae63126cbba4f827ed664f32fa\kotlin-daemon-embeddable-1.7.10.jar;C:\Users\BAGUS\.gradle\caches\modules-2\files-2.1\org.jetbrains.intellij.deps\trove4j\1.0.20200330\3afb14d5f9ceb459d724e907a21145e8ff394f02\trove4j-1.0.20200330.jar;C:\Users\BAGUS\.gradle\caches\modules-2\files-2.1\net.java.dev.jna\jna\5.6.0\330f2244e9030119ab3030fc3fededc86713d9cc\jna-5.6.0.jar;C:\Users\BAGUS\.gradle\caches\modules-2\files-2.1\org.jetbrains.kotlin\kotlin-stdlib-common\1.7.10\bac80c520d0a9e3f3673bc2658c6ed02ef45a76a\kotlin-stdlib-common-1.7.10.jar;C:\Users\BAGUS\.gradle\caches\modules-2\files-2.1\org.jetbrains\annotations\13.0\919f0dfe192fb4e063e7dacadee7f8bb9a2672a9\annotations-13.0.jar
Launcher Type: SUN_STANDARD

[Global flags]
     intx CICompilerCount                          = 3                                         {product} {ergonomic}
     uint ConcGCThreads                            = 1                                         {product} {ergonomic}
     uint G1ConcRefinementThreads                  = 4                                         {product} {ergonomic}
   size_t G1HeapRegionSize                         = 1048576                                   {product} {ergonomic}
    uintx GCDrainStackTargetSize                   = 64                                        {product} {ergonomic}
   size_t InitialHeapSize                          = 134217728                                 {product} {ergonomic}
   size_t MarkStackSize                            = 4194304                                   {product} {ergonomic}
   size_t MaxHeapSize                              = 2139095040                                {product} {ergonomic}
   size_t MaxNewSize                               = 1283457024                                {product} {ergonomic}
   size_t MinHeapDeltaBytes                        = 1048576                                   {product} {ergonomic}
    uintx NonNMethodCodeHeapSize                   = 5830732                                {pd product} {ergonomic}
    uintx NonProfiledCodeHeapSize                  = 122913754                              {pd product} {ergonomic}
    uintx ProfiledCodeHeapSize                     = 122913754                              {pd product} {ergonomic}
    uintx ReservedCodeCacheSize                    = 251658240                              {pd product} {ergonomic}
     bool SegmentedCodeCache                       = true                                      {product} {ergonomic}
     bool UseCompressedClassPointers               = true                                 {lp64_product} {ergonomic}
     bool UseCompressedOops                        = true                                 {lp64_product} {ergonomic}
     bool UseG1GC                                  = true                                      {product} {ergonomic}
     bool UseLargePagesIndividualAllocation        = false                                  {pd product} {ergonomic}

Logging:
Log output configuration:
 #0: stdout all=warning uptime,level,tags
 #1: stderr all=off uptime,level,tags

Environment Variables:
PATH=C:\Program Files\Eclipse Adoptium\jdk-17.0.4.101-hotspot\bin;C:\Program Files (x86)\Common Files\Intel\Shared Libraries\redist\intel64\compiler;C:\Program Files\Common Files\Oracle\Java\javapath;C:\Windows\system32;C:\Windows;C:\Windows\System32\Wbem;C:\Windows\System32\WindowsPowerShell\v1.0\;C:\Windows\System32\OpenSSH\;C:\Program Files\kotlinc;C:\Program Files\kotlinc\bin;C:\Program Files\Java\jdk-18.0.2.1\bin;C:\Program Files\Git\cmd;C:\Users\BAGUS\AppData\Local\Programs\Python\Python310\Scripts\;C:\Users\BAGUS\AppData\Local\Programs\Python\Python310\;C:\Users\BAGUS\AppData\Local\Microsoft\WindowsApps;C:\Users\BAGUS\AppData\Local\Programs\Microsoft VS Code\bin;C:\Users\BAGUS\AppData\Local\GitHubDesktop\bin
USERNAME=BAGUS
OS=Windows_NT
PROCESSOR_IDENTIFIER=Intel64 Family 6 Model 158 Stepping 9, GenuineIntel



---------------  S Y S T E M  ---------------

OS: Windows 10 , 64 bit Build 19041 (10.0.19041.1889)
OS uptime: 0 days 1:52 hours

CPU:total 4 (initial active 4) (2 cores per cpu, 2 threads per core) family 6 model 158 stepping 9 microcode 0xb4, cmov, cx8, fxsr, mmx, sse, sse2, sse3, ssse3, sse4.1, sse4.2, popcnt, aes, clmul, erms, 3dnowpref, lzcnt, ht, tsc, tscinvbit

Memory: 4k page, system-wide physical 8156M (476M free)
TotalPageFile size 10204M (AvailPageFile size 16M)
current process WorkingSet (physical memory assigned to process): 225M, peak: 230M
current process commit charge ("private bytes"): 295M, peak: 321M

vm_info: OpenJDK 64-Bit Server VM (11.0.12+7-b1504.28-7817840) for windows-amd64 JRE (11.0.12+7-b1504.28-7817840), built on Oct 13 2021 22:12:33 by "builder" with MS VC++ 14.0 (VS2015)

END.
